proguard_logs/mapping.txt
ru.emerginggames.snappers.DbSettings -> ru.emerginggames.snappers.a:
    boolean ENABLE_ALL_LEVELS -> a
ru.emerginggames.snappers.GameActivity -> ru.emerginggames.snappers.GameActivity:
    ru.emerginggames.snappers.utils.MyAdWhirlLayout adWhirlLayout -> l
    android.widget.RelativeLayout rootLayout -> m
    boolean isShowingAd -> n
    boolean shouldShowAd -> o
    boolean canShowAd -> p
    boolean mayShowAd -> q
    boolean isFinished -> r
    boolean wentTapjoy -> s
    ru.emerginggames.snappers.data.LevelTable levelTable -> t
    ru.emerginggames.snappers.gdx.Game game -> u
    java.lang.Runnable showAD -> v
    java.lang.Runnable hideAD -> w
    51:108:void onCreate(android.os.Bundle) -> onCreate
    112:114:void onSaveInstanceState(android.os.Bundle) -> onSaveInstanceState
    118:131:void onPause() -> onPause
    135:148:void onResume() -> onResume
    152:154:void launchStore() -> d
    163:166:void freeHintsPressed() -> e
    170:173:void levelPackWon(ru.emerginggames.snappers.model.LevelPack) -> a
    177:178:void levelSolved(ru.emerginggames.snappers.model.Level) -> a
    182:182:ru.emerginggames.snappers.model.Level getNextLevel(ru.emerginggames.snappers.model.Level) -> b
    187:189:void onBackPressed() -> onBackPressed
    193:193:int getHintsLeft() -> f
    198:199:void useHint() -> g
    205:205:boolean isLevelSolved(ru.emerginggames.snappers.model.Level) -> c
    210:211:void addScore(int) -> a
    215:215:int getAdHeight() -> h
    220:236:void showAd() -> i
    240:246:void hideAd() -> j
    251:251:boolean isOnline() -> k
    271:280:void onAdShow() -> l
ru.emerginggames.snappers.GameActivity$1 -> ru.emerginggames.snappers.b:
    ru.emerginggames.snappers.GameActivity this$0 -> a
    315:323:void run() -> run
ru.emerginggames.snappers.GameActivity$2 -> ru.emerginggames.snappers.c:
    ru.emerginggames.snappers.GameActivity this$0 -> a
    329:332:void run() -> run
ru.emerginggames.snappers.LevelPageAdapter -> ru.emerginggames.snappers.d:
    ru.emerginggames.snappers.model.LevelPack pack -> a
    ru.emerginggames.snappers.view.IOnItemSelectedListener listener -> g
    android.util.SparseArray fragments -> b
    int innerPaddingLeft -> c
    int innerPaddingTop -> d
    int innerPaddingRight -> e
    int innerPaddingBottom -> f
    44:47:android.support.v4.app.Fragment getItem(int) -> a
    52:52:int getCount() -> b
ru.emerginggames.snappers.MainScreenActivity -> ru.emerginggames.snappers.MainScreenActivity:
    22:50:void onCreate(android.os.Bundle) -> onCreate
    53:57:void onMusicButtonClick(android.view.View) -> onMusicButtonClick
    60:62:void onSoundButtonClick(android.view.View) -> onSoundButtonClick
    65:68:void settingsButtonClick(android.view.View) -> settingsButtonClick
    71:74:void onStoreButtonClick(android.view.View) -> onStoreButtonClick
    77:80:void onPlayButtonClick(android.view.View) -> onPlayButtonClick
    84:88:void onResume() -> onResume
    92:94:void onPause() -> onPause
ru.emerginggames.snappers.Metrics -> ru.emerginggames.snappers.e:
    int snapperSize -> a
    int blastSize -> b
    int squareButtonSize -> c
    int menuButtonWidth -> d
    int menuButtonHeight -> e
    int fontSize -> f
    int largeFontSize -> g
    int screenMargin -> h
    float snapperMult1 -> i
    float snapperMult2 -> j
    float snapperMult3 -> k
    float snapperMult4 -> l
    int screenWidth -> m
    int screenHeight -> n
    int menuWidth -> o
    int menuHeight -> p
    ru.emerginggames.snappers.Metrics$SizeMode sizeMode -> q
    int bangSize -> r
    int hintSize -> s
    int menuMargin -> t
    int screenSizeMode -> u
    float squareButtonScale -> v
    boolean initDone -> w
    int[] $SWITCH_TABLE$ru$emerginggames$snappers$Metrics$SizeMode -> x
    69:79:void setSize(int,int,android.content.Context) -> a
    8:8:int[] $SWITCH_TABLE$ru$emerginggames$snappers$Metrics$SizeMode() -> a
...
com.tapjoy.TapjoyVideoView$4 -> com.tapjoy.bu:
    com.tapjoy.TapjoyVideoView this$0 -> a
    633:634:void onClick(android.view.View) -> onClick
com.tapjoy.TapjoyVideoView$5 -> com.tapjoy.bv:
    com.tapjoy.TapjoyVideoView this$0 -> a
    668:680:void onClick(android.view.View) -> onClick
com.tapjoy.TapjoyVideoView$6 -> com.tapjoy.bw:
    com.tapjoy.TapjoyVideoView this$0 -> a
    700:712:void onClick(android.view.View) -> onClick
com.tapjoy.TapjoyVideoView$7 -> com.tapjoy.bx:
    com.tapjoy.TapjoyVideoView this$0 -> a
    835:842:void run() -> run
com.tapjoy.TapjoyVideoView$8 -> com.tapjoy.by:
    com.tapjoy.TapjoyVideoView this$0 -> a
    933:935:void run() -> run
com.tapjoy.TapjoyVideoView$9 -> com.tapjoy.bz:
    com.tapjoy.TapjoyVideoView this$0 -> a
    1005:1006:void onClick(android.content.DialogInterface,int) -> onClick
com.tapjoy.TapjoyVideoView$RemainingTime -> com.tapjoy.ca:
    com.tapjoy.TapjoyVideoView this$0 -> a
    870:871:void run() -> run
com.tapjoy.VGStoreItem -> com.tapjoy.cb:
    int availableItemsMoreDataAvailable -> a
    int purchasedItemsMoreDataAvailable -> b
    java.lang.String vgStoreItemID -> d
    java.lang.String productID -> e
    int price -> f
    java.lang.String name -> g
    java.lang.String description -> h
    java.lang.String vgStoreItemTypeName -> i
    int numberOwned -> j
    java.lang.String thumbImageUrl -> k
    java.lang.String fullImageUrl -> l
    java.lang.String datafileUrl -> m
    java.lang.String dataFileHash -> n
    android.graphics.drawable.Drawable thumbImage -> o
    boolean shown -> p
    java.util.ArrayList vgStoreItemsAttributeValueList -> c
    53:53:java.lang.String getVgStoreItemID() -> a
    58:59:void setVgStoreItemID(java.lang.String) -> a
    63:63:java.lang.String getProductID() -> b
    68:69:void setProductID(java.lang.String) -> b
    73:73:int getPrice() -> c
    78:79:void setPrice(int) -> a
    83:83:java.lang.String getName() -> d
    88:89:void setName(java.lang.String) -> c
    93:93:java.lang.String getDescription() -> e
    98:99:void setDescription(java.lang.String) -> d
    103:103:java.lang.String getVgStoreItemTypeName() -> f
    108:109:void setVgStoreItemTypeName(java.lang.String) -> e
    113:113:java.util.ArrayList getVgStoreItemsAttributeValueList() -> g
    118:119:void setVgStoreItemsAttributeValueList(java.util.ArrayList) -> a
    123:123:int getNumberOwned() -> h
    128:129:void setNumberOwned(int) -> b
com.tapjoy.VGStoreItemAttributeValue -> com.tapjoy.cc:
    java.lang.String attributeType -> a
    java.lang.String attributeValue -> b
    27:27:java.lang.String getAttributeType() -> a
    32:33:void setAttributeType(java.lang.String) -> a
    37:37:java.lang.String getAttributeValue() -> b
    42:43:void setAttributeValue(java.lang.String) -> b